app/build/intermediates/manifest_merge_blame_file/debug/manifest-merger-blame-debug-report.txt
1<?xml version="1.0" encoding="utf-8"?>
2<manifest xmlns:android="http://schemas.android.com/apk/res/android"
3    package="com.google.firebase.ml.md"
4    android:installLocation="auto"
5    android:versionCode="1"
6    android:versionName="1.0" >
7
8    <uses-sdk
9        android:minSdkVersion="19"
9-->src/main/AndroidManifest.xml
10        android:targetSdkVersion="29" />
10-->src/main/AndroidManifest.xml
11
12    <uses-feature android:name="android.hardware.camera" />
12-->src/main/AndroidManifest.xml:7:3-57
12-->src/main/AndroidManifest.xml:7:17-55
13
14    <uses-permission android:name="android.permission.INTERNET" />
14-->src/main/AndroidManifest.xml:9:3-64
14-->src/main/AndroidManifest.xml:9:20-62
15    <uses-permission android:name="android.permission.CAMERA" />
15-->src/main/AndroidManifest.xml:10:3-62
15-->src/main/AndroidManifest.xml:10:20-60
16    <uses-permission android:name="android.permission.ACCESS_NETWORK_STATE" />
16-->[com.google.firebase:firebase-iid:20.0.0] AndroidManifest.xml:22:5-79
16-->[com.google.firebase:firebase-iid:20.0.0] AndroidManifest.xml:22:22-76
17    <uses-permission android:name="android.permission.WAKE_LOCK" /> <!-- Required by older versions of Google Play services to create IID tokens -->
17-->[com.google.firebase:firebase-iid:20.0.0] AndroidManifest.xml:24:5-68
17-->[com.google.firebase:firebase-iid:20.0.0] AndroidManifest.xml:24:22-65
18    <uses-permission android:name="com.google.android.c2dm.permission.RECEIVE" />
18-->[com.google.firebase:firebase-iid:20.0.0] AndroidManifest.xml:26:5-82
18-->[com.google.firebase:firebase-iid:20.0.0] AndroidManifest.xml:26:22-79
19
20    <application
20-->src/main/AndroidManifest.xml:12:3-98:17
21        android:name="androidx.multidex.MultiDexApplication"
22        android:allowBackup="false"
22-->src/main/AndroidManifest.xml:13:7-34
23        android:appComponentFactory="androidx.core.app.CoreComponentFactory"
23-->[androidx.core:core:1.2.0] AndroidManifest.xml:24:18-86
24        android:debuggable="true"
25        android:icon="@drawable/logo_mlkit"
25-->src/main/AndroidManifest.xml:14:7-42
26        android:label="@string/app_name"
26-->src/main/AndroidManifest.xml:15:7-39
27        android:supportsRtl="true"
27-->src/main/AndroidManifest.xml:16:7-33
28        android:testOnly="true"
29        android:theme="@style/AppTheme" >
29-->src/main/AndroidManifest.xml:17:7-38
30        <meta-data
30-->src/main/AndroidManifest.xml:20:5-22:64
31            android:name="com.google.android.gms.version"
31-->src/main/AndroidManifest.xml:21:9-54
32            android:value="@integer/google_play_services_version" />
32-->src/main/AndroidManifest.xml:22:9-62
33
34        <activity
34-->src/main/AndroidManifest.xml:24:5-32:16
35            android:name="com.google.firebase.ml.md.EntryChoiceActivity"
35-->src/main/AndroidManifest.xml:25:9-44
36            android:exported="true"
36-->src/main/AndroidManifest.xml:26:9-32
37            android:screenOrientation="portrait" >
37-->src/main/AndroidManifest.xml:27:9-45
38            <intent-filter>
38-->src/main/AndroidManifest.xml:28:7-31:23
39                <action android:name="android.intent.action.MAIN" />
39-->src/main/AndroidManifest.xml:29:9-60
39-->src/main/AndroidManifest.xml:29:17-58
40
41                <category android:name="android.intent.category.LAUNCHER" />
41-->src/main/AndroidManifest.xml:30:9-68
41-->src/main/AndroidManifest.xml:30:19-66
42            </intent-filter>
43        </activity>
44        <activity
44-->src/main/AndroidManifest.xml:34:5-38:16
45            android:name="com.google.firebase.ml.md.java.MainActivity"
45-->src/main/AndroidManifest.xml:35:9-42
46            android:exported="false"
46-->src/main/AndroidManifest.xml:36:9-33
47            android:screenOrientation="portrait" >
47-->src/main/AndroidManifest.xml:37:9-45
48        </activity>
49        <activity
49-->src/main/AndroidManifest.xml:40:5-44:16
50            android:name="com.google.firebase.ml.md.java.LiveObjectDetectionActivity"
50-->src/main/AndroidManifest.xml:41:9-57
51            android:exported="false"
51-->src/main/AndroidManifest.xml:42:9-33
52            android:screenOrientation="portrait" >
52-->src/main/AndroidManifest.xml:43:9-45
53        </activity>
54        <activity
54-->src/main/AndroidManifest.xml:46:5-50:16
55            android:name="com.google.firebase.ml.md.java.LiveBarcodeScanningActivity"
55-->src/main/AndroidManifest.xml:47:9-57
56            android:exported="false"
56-->src/main/AndroidManifest.xml:48:9-33
57            android:screenOrientation="portrait" >
57-->src/main/AndroidManifest.xml:49:9-45
58        </activity>
59        <activity
59-->src/main/AndroidManifest.xml:52:5-56:16
60            android:name="com.google.firebase.ml.md.java.StaticObjectDetectionActivity"
60-->src/main/AndroidManifest.xml:53:9-59
61            android:exported="false"
61-->src/main/AndroidManifest.xml:54:9-33
62            android:screenOrientation="portrait" >
62-->src/main/AndroidManifest.xml:55:9-45
63        </activity>
64        <activity
64-->src/main/AndroidManifest.xml:58:5-64:16
65            android:name="com.google.firebase.ml.md.java.settings.SettingsActivity"
65-->src/main/AndroidManifest.xml:59:9-55
66            android:exported="false"
66-->src/main/AndroidManifest.xml:60:9-33
67            android:label="@string/settings_title"
67-->src/main/AndroidManifest.xml:61:9-47
68            android:screenOrientation="portrait"
68-->src/main/AndroidManifest.xml:62:9-45
69            android:theme="@style/Theme.AppCompat.Light" >
69-->src/main/AndroidManifest.xml:63:9-53
70        </activity>
71        <activity
71-->src/main/AndroidManifest.xml:66:5-70:16
72            android:name="com.google.firebase.ml.md.kotlin.MainActivity"
72-->src/main/AndroidManifest.xml:67:9-44
73            android:exported="false"
73-->src/main/AndroidManifest.xml:68:9-33
74            android:screenOrientation="portrait" >
74-->src/main/AndroidManifest.xml:69:9-45
75        </activity>
76        <activity
76-->src/main/AndroidManifest.xml:72:5-76:16
77            android:name="com.google.firebase.ml.md.kotlin.LiveObjectDetectionActivity"
77-->src/main/AndroidManifest.xml:73:9-59
78            android:exported="false"
78-->src/main/AndroidManifest.xml:74:9-33
79            android:screenOrientation="portrait" >
79-->src/main/AndroidManifest.xml:75:9-45
80        </activity>
81        <activity
81-->src/main/AndroidManifest.xml:78:5-82:16
82            android:name="com.google.firebase.ml.md.kotlin.LiveBarcodeScanningActivity"
82-->src/main/AndroidManifest.xml:79:9-59
83            android:exported="false"
83-->src/main/AndroidManifest.xml:80:9-33
84            android:screenOrientation="portrait" >
84-->src/main/AndroidManifest.xml:81:9-45
85        </activity>
86        <activity
86-->src/main/AndroidManifest.xml:84:5-88:16
87            android:name="com.google.firebase.ml.md.kotlin.StaticObjectDetectionActivity"
87-->src/main/AndroidManifest.xml:85:9-61
88            android:exported="false"
88-->src/main/AndroidManifest.xml:86:9-33
89            android:screenOrientation="portrait" >
89-->src/main/AndroidManifest.xml:87:9-45
90        </activity>
91        <activity
91-->src/main/AndroidManifest.xml:90:5-96:16
92            android:name="com.google.firebase.ml.md.kotlin.settings.SettingsActivity"
92-->src/main/AndroidManifest.xml:91:9-57
93            android:exported="false"
93-->src/main/AndroidManifest.xml:92:9-33
94            android:label="@string/settings_title"
94-->src/main/AndroidManifest.xml:93:9-47
95            android:screenOrientation="portrait"
95-->src/main/AndroidManifest.xml:94:9-45
96            android:theme="@style/Theme.AppCompat.Light" >
96-->src/main/AndroidManifest.xml:95:9-53
97        </activity>
98
99        <service
99-->[com.google.firebase:firebase-ml-vision:24.0.2] AndroidManifest.xml:9:9-15:19
100            android:name="com.google.firebase.components.ComponentDiscoveryService"
100-->[com.google.firebase:firebase-ml-vision:24.0.2] AndroidManifest.xml:10:13-84
101            android:directBootAware="true"
101-->[com.google.firebase:firebase-common:19.3.0] AndroidManifest.xml:34:13-43
102            android:exported="false" >
102-->[com.google.firebase:firebase-ml-vision:24.0.2] AndroidManifest.xml:11:13-37
103            <meta-data
103-->[com.google.firebase:firebase-ml-vision:24.0.2] AndroidManifest.xml:12:13-14:85
104                android:name="com.google.firebase.components:com.google.firebase.ml.vision.VisionRegistrar"
104-->[com.google.firebase:firebase-ml-vision:24.0.2] AndroidManifest.xml:13:17-108
105                android:value="com.google.firebase.components.ComponentRegistrar" />
105-->[com.google.firebase:firebase-ml-vision:24.0.2] AndroidManifest.xml:14:17-82
106            <meta-data
106-->[com.google.firebase:firebase-ml-common:22.1.0] AndroidManifest.xml:11:13-13:85
107                android:name="com.google.firebase.components:com.google.firebase.ml.common.CommonComponentRegistrar"
107-->[com.google.firebase:firebase-ml-common:22.1.0] AndroidManifest.xml:12:17-117
108                android:value="com.google.firebase.components.ComponentRegistrar" />
108-->[com.google.firebase:firebase-ml-common:22.1.0] AndroidManifest.xml:13:17-82
109            <meta-data
109-->[com.google.firebase:firebase-iid:20.0.0] AndroidManifest.xml:32:13-34:85
110                android:name="com.google.firebase.components:com.google.firebase.iid.Registrar"
110-->[com.google.firebase:firebase-iid:20.0.0] AndroidManifest.xml:33:17-96
111                android:value="com.google.firebase.components.ComponentRegistrar" />
111-->[com.google.firebase:firebase-iid:20.0.0] AndroidManifest.xml:34:17-82
112        </service>
113
114        <receiver
114-->[com.google.firebase:firebase-iid:20.0.0] AndroidManifest.xml:37:9-44:20
115            android:name="com.google.firebase.iid.FirebaseInstanceIdReceiver"
115-->[com.google.firebase:firebase-iid:20.0.0] AndroidManifest.xml:38:13-78
116            android:exported="true"
116-->[com.google.firebase:firebase-iid:20.0.0] AndroidManifest.xml:39:13-36
117            android:permission="com.google.android.c2dm.permission.SEND" >
117-->[com.google.firebase:firebase-iid:20.0.0] AndroidManifest.xml:40:13-73
118            <intent-filter>
118-->[com.google.firebase:firebase-iid:20.0.0] AndroidManifest.xml:41:13-43:29
119                <action android:name="com.google.android.c2dm.intent.RECEIVE" />
119-->[com.google.firebase:firebase-iid:20.0.0] AndroidManifest.xml:42:17-81
119-->[com.google.firebase:firebase-iid:20.0.0] AndroidManifest.xml:42:25-78
120            </intent-filter>
121        </receiver>
122
123        <activity
123-->[com.google.android.gms:play-services-base:17.0.0] AndroidManifest.xml:23:9-26:75
124            android:name="com.google.android.gms.common.api.GoogleApiActivity"
124-->[com.google.android.gms:play-services-base:17.0.0] AndroidManifest.xml:24:13-79
125            android:exported="false"
125-->[com.google.android.gms:play-services-base:17.0.0] AndroidManifest.xml:25:13-37
126            android:theme="@android:style/Theme.Translucent.NoTitleBar" />
126-->[com.google.android.gms:play-services-base:17.0.0] AndroidManifest.xml:26:13-72
127
128        <provider
128-->[com.google.firebase:firebase-common:19.3.0] AndroidManifest.xml:26:9-30:39
129            android:name="com.google.firebase.provider.FirebaseInitProvider"
129-->[com.google.firebase:firebase-common:19.3.0] AndroidManifest.xml:27:13-77
130            android:authorities="com.google.firebase.ml.md.firebaseinitprovider"
130-->[com.google.firebase:firebase-common:19.3.0] AndroidManifest.xml:28:13-72
131            android:exported="false"
131-->[com.google.firebase:firebase-common:19.3.0] AndroidManifest.xml:29:13-37
132            android:initOrder="100" />
132-->[com.google.firebase:firebase-common:19.3.0] AndroidManifest.xml:30:13-36
133        <provider
133-->[androidx.lifecycle:lifecycle-process:2.0.0] AndroidManifest.xml:23:9-27:43
134            android:name="androidx.lifecycle.ProcessLifecycleOwnerInitializer"
134-->[androidx.lifecycle:lifecycle-process:2.0.0] AndroidManifest.xml:24:13-79
135            android:authorities="com.google.firebase.ml.md.lifecycle-process"
135-->[androidx.lifecycle:lifecycle-process:2.0.0] AndroidManifest.xml:25:13-69
136            android:exported="false"
136-->[androidx.lifecycle:lifecycle-process:2.0.0] AndroidManifest.xml:26:13-37
137            android:multiprocess="true" />
137-->[androidx.lifecycle:lifecycle-process:2.0.0] AndroidManifest.xml:27:13-40
138    </application>
139
140</manifest>